<?xml version="1.0" encoding="UTF-8"?>
<!-- Generated by org.testng.reporters.JUnitXMLReporter -->
<testsuite hostname="HP" name="Google Page" tests="2" failures="1" timestamp="22 Jun 2019 05:14:10 GMT" time="76.39" errors="0">
  <testcase name="googletitleTest1" time="0.023" classname="testclass.Test"/>
  <testcase name="googletitleTest2" time="0.009" classname="testclass.Test">
    <failure type="java.lang.AssertionError" message="The following asserts failed:
Title is not same">
      <![CDATA[java.lang.AssertionError: The following asserts failed:
Title is not same
	at testclass.Test.googletitleTest2(Test.java:36)
... Removed 25 stack frames]]>
    </failure>
  </testcase> <!-- googletitleTest2 -->
</testsuite> <!-- Google Page -->
